Mon 21 Aug 2023 08:45:32 AM UTC
;; 1. Based on: 649_clean
;; 2. Description: BLOCK(10), KEFB logistic EXP ETA EFB50, clean except ETA, EFB EXP ETA, EFB sets in logistic at half OCC2 correct at time 0
;; x1. Author: Steve Choy
$PROBLEM    Cov Matrix(11),no RIS,not logit BC0,MTT 3
$INPUT      ID TIME BSL DV MDV CMT DIP FLAG
$DATA      Simulated_run649.csv IGNORE=@
            IGNORE=(CMT.EQ.0,DIP.EQ.1,FLAG.GT.0)
$SUBROUTINE ADVAN6 TOL=5 ;
$MODEL      COMP=(WEIGHT) ; CMT1 for BODY WEIGHT
            COMP=(INSULIN) ; CMT2 for INSULIN
            COMP=(FPG) ; CMT3 for FPG
            COMP=(HBA1C) ; CMT4 for HBA1c
            COMP=(HBA2C) ; CMT5 for HBA1c
            COMP=(HBA3C) ; CMT6 for HBA1c

;
$PK   
;;=================Weight parameters================
BLWT  = THETA(1)* EXP(ETA(7)) ; Baseline weight (kg)
Kout  = LOG(2)/THETA(2) ; Half-life of weight cmt (days)
Kin   = Kout * BLWT

;;=================D&E+Placebo and loss of effect=================
OCC1=0
OCC2=0
IF(TIME.GT.1)   OCC1 = 1    ; Effect of treatment 1
IF(TIME.GT.BSL) OCC2 = 1	; Effect placebo, administered at baseline

EFDE = THETA(3)  + ETA(8)  ; Effect parameter of Diet&Exercise: counseling administered at screening
EFPL = THETA(4)  + ETA(9)  ; Effect placebo, administered at baseline

EFDEPL   = EFDE * OCC1 + (EFPL * OCC2)
EFUPS  = THETA(5)  + ETA(10) ; Loss of effect of D&E + placebo per year (%/year) slope

EFUP    = (100 + EFUPS * TIME/365) / 100 ; effect of loss d&e and placebo
EFFW    = EFUP * (100 - EFDEPL) / 100 ; effect of weight based on disease progression, effect of D&E and effect of placebo

;;=================Beta-cell parameters=============
BC0     =  THETA(6)  + ETA(2) ; Baseline Bcell function, logistic function
BCE0    =  1/(1 + EXP(BC0))  ; scale beta-cell function between 0 and 1
RB      =  THETA(7)  + ETA(3) ; Rate of Bcell function decline per year, logits
EFBMAX  =  THETA(8) * EXP(ETA(1)) ; maximal relative increase on beta cell function
SEFBI   =  THETA(9)  ; shape of sigmoidal logistic function

SEFBD   = THETA(21) ; shape of sigmoidal logistic function DECREASE
EFB50   = THETA(10) * EXP(ETA(14)) ; Time for half of EFB logistic decline (days)

BF      =  1/(1 + EXP(BC0 + RB*TIME/365)) ;rate of loss beta cell function per year
EFBI    =  0
IF(TIME.GT.0) EFBI = EFBMAX/(1+(TIME/BSL)**SEFBI) ; increase logistic function of EFB
EFBD    =  0
IF(TIME.GT.0) EFBD = EFBI/(1+(TIME/EFB50)**SEFBD) ; decrease logistic function of EFB
EFFB    =  1 + EFBD

BNET    = EFFB * BF ; Overall shape of Beta cell function

;;=================Insulin parameters===============
IS0     =  THETA(11) + ETA(4) ; Baseline IS, logistic function
ISS0    =  1/(1 + EXP(IS0))    ; scale insulin sensitivity between 0 and 1
KIOI    =  7.8                   ; kinI/koutI set to correspond to typical steady-state fasting FSI 5uU/mL
SCALEIS =  THETA(12) *EXP(ETA(6)) ; scaling factor of weight change effect on IS

;;=================Glucose parameters===============
FPGSS    =  4.5 ; healthy FPG reference value from HOMA
KIOG     =  FPGSS * KIOI ; 35.1    ; kinG/koutG set to correspond to typical ss FPG level in healthy subjects of 4.5 mmol/L given a ss FSI level of 7.8 uU/mL
THRESH   =  FPGSS - 1 ; Minimum threshold glucose, one less than FPGSS

;;=================HbA1c parameters=================
MTT     =  THETA(17)		; mean transit time (days)
NC      =  3			; no. of total compartments for HbA1c
KIHB    =  THETA(18)     ; Kin HbA1c (%/days L/mmol)
KOHB    =  NC/MTT		; Also known as Ktransit (%/days L/mmol)
INTCPT  =  THETA(19) * EXP(ETA(5)) ; Residual amount of HbA1c independent of FPG (PPG & assay error)
PPG     =  INTCPT
IF(TIME.GT.0) PPG = INTCPT * THETA(20) ; Reduction of Post-prandial glucose effect, scales PPG after time 0

;;=================Baseline functions===============
B       =  THRESH * BCE0 * KIOI
C       =  -BCE0 * KIOI * KIOG / (ISS0)
BLI     =  (-B + SQRT(B**2 -4*C)) / (2)   ; baseline insulin
BLG     =  KIOG / (ISS0 * BLI)       ; baseline FPG
BLHB    =  (INTCPT + KIHB*BLG)/KOHB *NC  ; baseline HbA1c

;;=================Residual error parameters========
RESWT   = THETA(13)		; proportional weight residual error
RESFSI	= THETA(14)	* EXP(ETA(11))	; proportional FSI residual error
RESFPG	= THETA(15)	* EXP(ETA(12))	; proportional FPG residual error
RESHBA	= THETA(16)	* EXP(ETA(13))	; proportional HbA1c residual error

;;=================Initialization of compartments===
A_0(1)      =  BLWT
A_0(2)      =  BLI
A_0(3)      =  BLG
A_0(4)      =  BLHB/NC
A_0(5)      =  BLHB/NC
A_0(6)      =  BLHB/NC

;;================= First Weight record switch======
IF(NEWIND.NE.2) IND = 0
IF(CMT.EQ.1)    IND = 1
$DES   
AA1=A(1)
IF(IND.EQ.0) DWT = 0
IF(IND.EQ.1) DWT = BLWT - A(1)
IF(IND.EQ.0) DWTP = 1
IF(IND.EQ.1) DWTP = A(1)/BLWT

EFFS = 1 + SCALEIS * DWT      ;EFFECT ON INSULIN SENSITIVITY IS PROPORTIONAL TO CHANGE IN BODY WEIGHT FROM BASELINE
;
B1 =  THRESH * BF * EFFB * KIOI ; THRESH is the FPG threshold conc
C1 =  -BF * EFFB * KIOI * KIOG / (ISS0 * EFFS)
FSI =  (-B1 + SQRT(B1*B1 -4*C1)) / (2)   ; FSI production stimulated by FPG (linearized)
IF (FSI.LT.0)  FSI = 1
;
FPG =  KIOG / (EFFS * ISS0 * FSI)       ; baseline FPG
;
DADT(1) = Kin * EFFW - Kout * A(1)            ; turn-over model for body weight
DADT(2) = 0                                   ; short-term dynamics assumed to be at steady-state
DADT(3) = 0                                   ; short-term dynamics assumed to be at steady-state
DADT(4) = PPG + KIHB * FPG - KOHB * A(4)      ; HbA1c production driven by FPG
DADT(5) = KOHB*A(4)-KOHB*A(5)      			  ; HbA1c transit
DADT(6) = KOHB*A(5)-KOHB*A(6)                 ; HbA1c transit
;

$ERROR   
;;=================Re-defining Time parameters outisde $DES===
;
AA4=A(4)
AA5=A(5)
AA6=A(6)
EWT  = A(1)
IF(EWT.LE.0) EWT = 0.00001
EHB  = A(4) + A(5) + A(6)
IF(EHB.LE.0) EHB = 0.00001
;
IF(IND.EQ.0) DWTE = 0
IF(IND.EQ.1) DWTE = BLWT - A(1)
IF(IND.EQ.0) DWTPE = 1
IF(IND.EQ.1) DWTPE = A(1)/BLWT

EEFS = 1 + SCALEIS * DWTE
;
B2 =  THRESH * BF * EFFB * KIOI
C2 =  -BF * EFFB * KIOI * KIOG / (ISS0 * EEFS)
EFSI =  (-B2 + SQRT(B2**2 -4*C2)) / (2)   ; FSI production stimulated by FPG (linearized)
IF (EFSI.LT.1)  EFSI = 1
EFPG =  KIOG / (EEFS * ISS0 * EFSI)       ; baseline FPG
IF (EFPG.LE.0) EFPG = 0.00001
EDEN = (EEFS * ISS0 * EFSI)
;
;
;;=================On/off switch for each compartment========
E1 = 0
E2 = 0
E3 = 0
E4 = 0
IF (CMT.EQ.1) E1 = 1
IF (CMT.EQ.2) E2 = 1
IF (CMT.EQ.3) E3 = 1
IF (CMT.EQ.4) E4 = 1

IPRED  =   LOG(0.00001)
IF(F.GT.0) IPRED = E1*LOG(EWT) + E2*LOG(EFSI) + E3*LOG(EFPG) + E4*LOG(EHB)
IF(F.GT.0) W = RESWT*E1 + RESFSI*E2 + RESFPG*E3 + RESHBA*E4
IRES  =   DV - IPRED
IWRES  = IRES
IF(W.NE.0) IWRES =   IRES/W
Y     =   IPRED + W*ERR(1)

IF(ICALL.EQ.4.AND.CMT.EQ.3) THEN
Y = LOG((INT(10*( EXP(IPRED + W*ERR(1) ) )))/10)
ENDIF

IF(ICALL.EQ.4.AND.CMT.EQ.4) THEN
Y = LOG((INT(10*( EXP(IPRED + W*ERR(1) ) )))/10)
ENDIF

;;=================Diagnostic outputs=====================
ISSE = ISS0 * EEFS * 100 ; insulin sensitivity (%)
BSSE = BNET * 100 ; Beta cell function (%)
IGR = EFSI / EFPG ; Insulin-glucose ratio
IF(DWTE.EQ.0) THEN  ; insulin sensitivity per kg change
  ISSEKG = 0
ELSE
  ISSEKG = (ISSE - (ISS0 * 100)) / DWTE
ENDIF

;;=================Change from baseline===================
IF(NEWIND.NE.2) THEN
  WTFLG1=0
  WTFLG2=0
  WTFLG3=0
  WTFLG4=0
ENDIF

IF(WTFLG1.EQ.0.AND.CMT.EQ.1) THEN
   BASE1=EXP( DV )
   WTFLG1=1
ENDIF

IF(WTFLG2.EQ.0.AND.CMT.EQ.2) THEN
   BASE2=EXP( DV )
   WTFLG2=1
ENDIF

IF(WTFLG3.EQ.0.AND.CMT.EQ.3) THEN
   BASE3=EXP( DV )
   WTFLG3=1
ENDIF

IF(WTFLG4.EQ.0.AND.CMT.EQ.4) THEN
   BASE4=EXP( DV )
   WTFLG4=1
ENDIF

IF(CMT.EQ.1) CFB1 = (EXP(DV)-BASE1)/BASE1
IF(CMT.EQ.2) CFB2 = (EXP(DV)-BASE2)/BASE2
IF(CMT.EQ.3) CFB3 = (EXP(DV)-BASE3)/BASE3
IF(CMT.EQ.4) CFB4 = (EXP(DV)-BASE4)/BASE4

CFB = E1*CFB1 + E2*CFB2 + E3*CFB3 + E4*CFB4 
IF(TIME.EQ.0) CFB = 0
;
NID=IREP
SDV = Y
;
$THETA  (0,104.277) ; BLWT
 (0,96.9422) ; Kout
 4.07896 ; EFDE
 2.28404 ; EFPL
 2.98666 ; EFUPS
 (-3,-0.445935,2) ; BC0
 0.208919 ; RB
 (0,0.171069) ; EFBMAX
 (-100,-3.68999,0) ; SEFBI
 (40,189.953) ; EFB50
 (0,1.1019) ; IS0
 0.0514028 ; SCALEIS
 (0,0.00919065) ; RESWT
 (0,0.262162) ; RESFSI
 (0,0.0687593) ; RESFPG
 (0,0.0240872) ; RESHBA
 (0,38.8771) ; MTT
 (0,0.0129028) ; KIHB
 (0,0.0708852) ; INTCPT
 0.962795 ; PPG
 (0,8.0521) ; SEFBD
$OMEGA  BLOCK(10)
 0.248662  ;    EFBMAX_
 -0.324005 1.39532  ;       BC0_
 0.0981088 -0.224451 0.210208  ;        RB_
 0.221065 -0.352266 0.105203 0.305137  ;       IS0_
 0.00447496 -0.0200577 -0.00490146 -0.0104563 0.0238006  ;    INTCPT_
 0.167785 -0.292249 0.119387 0.24431 0.020457 0.449234  ;   SCALEIS_
 0.0393118 -0.0373825 0.0125163 0.0337664 -0.00445451 0.0232753 0.0213004  ;      BLWT_
 0.0868604 2.14706 -0.98756 -0.939352 0.013064 -1.04875 -0.178463 35.5718  ;      EFDE_
 0.501473 -1.56801 -0.388824 0.882971 0.0168388 0.47021 0.0867813 -15.6509 40.1704  ;      EFPL_
 -0.0114547 0.212369 -1.41961 -0.0276497 -0.0352235 -1.34686 -0.120501 12.821 28.5882 74.3962  ;     EFUPS_
$OMEGA  BLOCK(2)
 0.0990947  ;    RESFSI_
 0.0403634 0.0655947  ;    RESFPG_
$OMEGA  0.0259579  ;    RESHBA_
 0.121909  ;     EFB50_
$SIGMA  1  FIX
$ESTIMATION MSFO=run649 METHOD=1 INTERACTION MAX=0 PRINT=5 POSTHOC
            NOABORT
;$COVARIANCE MATRIX=S PRINT=E UNCONDITIONAL
$TABLE      ID TIME CMT BF ISS0 EFUP EFFW AA4 AA5 AA6 EHB EWT EFSI
            EFPG CMT CFB DV PRED IPRED RES WRES IRES IWRES CWRES NOAPP
            NOPRINT ONEHEAD FILE=sdtarun649
$TABLE      ID TIME CMT DV CFB EFDEPL EFFW KOHB BLWT BLI BLG EFFB BF
            BNET EFSI EFPG EDEN EWT EHB EEFS BC0 BCE0 PPG ISSE ISSEKG
            IS0 ISS0 RB DWTE BSSE DWTPE AA4 AA5 AA6 EFBI EFBD NOAPP
            NOPRINT ONEHEAD FILE=catarun649
$TABLE      ID ETA1 ETA2 ETA3 ETA4 ETA5 ETA6 ETA7 ETA8 ETA9 ETA10
            ETA11 ETA12 ETA13 ETA14 NOAPP NOPRINT ONEHEAD
            FILE=patabrun649


NM-TRAN MESSAGES
  
 WARNINGS AND ERRORS (IF ANY) FOR PROBLEM    1
             
 (WARNING  2) NM-TRAN INFERS THAT THE DATA ARE POPULATION.
             
 (WARNING  3) THERE MAY BE AN ERROR IN THE ABBREVIATED CODE. THE FOLLOWING
 ONE OR MORE RANDOM VARIABLES ARE DEFINED WITH "IF" STATEMENTS THAT DO NOT
 PROVIDE DEFINITIONS FOR BOTH THE "THEN" AND "ELSE" CASES. IF ALL
 CONDITIONS FAIL, THE VALUES OF THESE VARIABLES WILL BE ZERO.
  
   W

             
 (WARNING  97) A RANDOM QUANTITY IS RAISED TO A POWER. IF THE RESULT AFFECTS
 THE VALUE OF THE OBJECTIVE FUNCTION, THE USER SHOULD ENSURE THAT THE
 RANDOM QUANTITY IS NEVER 0 WHEN THE POWER IS < 1.
             
 (WARNING  27) THE ABBREVIATED CODE CONTAINS A SIMULATION BLOCK BUT THERE IS
 NO $SIMULATION RECORD.

License Registered to: Trial License for Domino Data Lab
Expiration Date:    10 SEP 2023
Current Date:       21 AUG 2023
  **** WARNING!!! Days until program expires :  19 ****
  **** CONTACT idssoftware@iconplc.com FOR RENEWAL ****
1NONLINEAR MIXED EFFECTS MODEL PROGRAM (NONMEM) VERSION 7.4.1
 ORIGINALLY DEVELOPED BY STUART BEAL, LEWIS SHEINER, AND ALISON BOECKMANN
 CURRENT DEVELOPERS ARE ROBERT BAUER, ICON DEVELOPMENT SOLUTIONS,
 AND ALISON BOECKMANN. IMPLEMENTATION, EFFICIENCY, AND STANDARDIZATION
 PERFORMED BY NOUS INFOSYSTEMS.

 PROBLEM NO.:         1
 Cov Matrix(11),no RIS,not logit BC0,MTT 3
0DATA CHECKOUT RUN:              NO
 DATA SET LOCATED ON UNIT NO.:    2
 THIS UNIT TO BE REWOUND:        NO
 NO. OF DATA RECS IN DATA SET:     8587
 NO. OF DATA ITEMS IN DATA SET:   9
 ID DATA ITEM IS DATA ITEM NO.:   1
 DEP VARIABLE IS DATA ITEM NO.:   4
 MDV DATA ITEM IS DATA ITEM NO.:  5
0INDICES PASSED TO SUBROUTINE PRED:
   9   2   0   0   0   0   6   0   0   0   0
0LABELS FOR DATA ITEMS:
 ID TIME BSL DV MDV CMT DIP FLAG EVID
0(NONBLANK) LABELS FOR PRED-DEFINED ITEMS:
 BLWT EFDEPL EFUP EFFW BC0 BCE0 RB BF EFBI EFBD EFFB BNET IS0 ISS0 KOHB PPG BLI BLG AA4 AA5 AA6 EWT EHB DWTE DWTPE EEFS
 EFSI EFPG EDEN IPRED IRES IWRES ISSE BSSE ISSEKG CFB
0FORMAT FOR DATA:
 (8E7.0,1F2.0)

 TOT. NO. OF OBS RECS:     8587
 TOT. NO. OF INDIVIDUALS:      181
0LENGTH OF THETA:  21
0DEFAULT THETA BOUNDARY TEST OMITTED:    NO
0OMEGA HAS BLOCK FORM:
  1
  1  1
  1  1  1
  1  1  1  1
  1  1  1  1  1
  1  1  1  1  1  1
  1  1  1  1  1  1  1
  1  1  1  1  1  1  1  1
  1  1  1  1  1  1  1  1  1
  1  1  1  1  1  1  1  1  1  1
  0  0  0  0  0  0  0  0  0  0  2
  0  0  0  0  0  0  0  0  0  0  2  2
  0  0  0  0  0  0  0  0  0  0  0  0  3
  0  0  0  0  0  0  0  0  0  0  0  0  0  4
0DEFAULT OMEGA BOUNDARY TEST OMITTED:    NO
0SIGMA HAS SIMPLE DIAGONAL FORM WITH DIMENSION:   1
0DEFAULT SIGMA BOUNDARY TEST OMITTED:    NO
0INITIAL ESTIMATE OF THETA:
 LOWER BOUND    INITIAL EST    UPPER BOUND
  0.0000E+00     0.1043E+03     0.1000E+07
  0.0000E+00     0.9694E+02     0.1000E+07
 -0.1000E+07     0.4079E+01     0.1000E+07
 -0.1000E+07     0.2284E+01     0.1000E+07
 -0.1000E+07     0.2987E+01     0.1000E+07
 -0.3000E+01    -0.4459E+00     0.2000E+01
 -0.1000E+07     0.2089E+00     0.1000E+07
  0.0000E+00     0.1711E+00     0.1000E+07
 -0.1000E+03    -0.3690E+01     0.0000E+00
  0.4000E+02     0.1900E+03     0.1000E+07
  0.0000E+00     0.1102E+01     0.1000E+07
 -0.1000E+07     0.5140E-01     0.1000E+07
  0.0000E+00     0.9191E-02     0.1000E+07
  0.0000E+00     0.2622E+00     0.1000E+07
  0.0000E+00     0.6876E-01     0.1000E+07
  0.0000E+00     0.2409E-01     0.1000E+07
  0.0000E+00     0.3888E+02     0.1000E+07
  0.0000E+00     0.1290E-01     0.1000E+07
  0.0000E+00     0.7089E-01     0.1000E+07
 -0.1000E+07     0.9628E+00     0.1000E+07
  0.0000E+00     0.8052E+01     0.1000E+07
0INITIAL ESTIMATE OF OMEGA:
 BLOCK SET NO.   BLOCK                                                                    FIXED
        1                                                                                   NO
 DIMENSION OF BLOCK EXCEEDS 8
 INITL. EST. OF BLOCK NOT PRINTED
        2                                                                                   NO
                  0.9909E-01
                  0.4036E-01   0.6559E-01
        3                                                                                   NO
                  0.2596E-01
        4                                                                                   NO
                  0.1219E+00
0INITIAL ESTIMATE OF SIGMA:
 0.1000E+01
0SIGMA CONSTRAINED TO BE THIS INITIAL ESTIMATE
0TABLES STEP OMITTED:    NO
 NO. OF TABLES:           3
 SEED NUMBER (SEED):    11456
 RANMETHOD:             3U
 MC SAMPLES (ESAMPLE):    300
 WRES SQUARE ROOT TYPE (WRESCHOL): EIGENVALUE
0-- TABLE   1 --
0RECORDS ONLY:    ALL
04 COLUMNS APPENDED:    NO
 PRINTED:                NO
 HEADERS:               ONE
 FILE TO BE FORWARDED:   NO
 FORMAT:                S1PE11.4
 LFORMAT:
 RFORMAT:
 FIXED_EFFECT_ETAS:
0USER-CHOSEN ITEMS:
 ID TIME CMT BF ISS0 EFUP EFFW AA4 AA5 AA6 EHB EWT EFSI EFPG CMT CFB DV PRED IPRED RES WRES IRES IWRES CWRES
0-- TABLE   2 --
0RECORDS ONLY:    ALL
04 COLUMNS APPENDED:    NO
 PRINTED:                NO
 HEADERS:               ONE
 FILE TO BE FORWARDED:   NO
 FORMAT:                S1PE11.4
 LFORMAT:
 RFORMAT:
 FIXED_EFFECT_ETAS:
0USER-CHOSEN ITEMS:
 ID TIME CMT DV CFB EFDEPL EFFW KOHB BLWT BLI BLG EFFB BF BNET EFSI EFPG EDEN EWT EHB EEFS BC0 BCE0 PPG ISSE ISSEKG IS0
 ISS0 RB DWTE BSSE DWTPE AA4 AA5 AA6 EFBI EFBD
0-- TABLE   3 --
0RECORDS ONLY:    ALL
04 COLUMNS APPENDED:    NO
 PRINTED:                NO
 HEADERS:               ONE
 FILE TO BE FORWARDED:   NO
 FORMAT:                S1PE11.4
 LFORMAT:
 RFORMAT:
 FIXED_EFFECT_ETAS:
0USER-CHOSEN ITEMS:
 ID ETA1 ETA2 ETA3 ETA4 ETA5 ETA6 ETA7 ETA8 ETA9 ET10 ET11 ET12 ET13 ET14
1DOUBLE PRECISION PREDPP VERSION 7.4.1

 GENERAL NONLINEAR KINETICS MODEL (DVERK1, ADVAN6)
0MODEL SUBROUTINE USER-SUPPLIED - ID NO. 9999
0MAXIMUM NO. OF BASIC PK PARAMETERS:  15
0COMPARTMENT ATTRIBUTES
 COMPT. NO.   FUNCTION   INITIAL    ON/OFF      DOSE      DEFAULT    DEFAULT
                         STATUS     ALLOWED    ALLOWED    FOR DOSE   FOR OBS.
    1         WEIGHT       ON         YES        YES        YES        YES
    2         INSULIN      ON         YES        YES        NO         NO
    3         FPG          ON         YES        YES        NO         NO
    4         HBA1C        ON         YES        YES        NO         NO
    5         HBA2C        ON         YES        YES        NO         NO
    6         HBA3C        ON         YES        YES        NO         NO
    7         OUTPUT       OFF        YES        NO         NO         NO
 INITIAL (BASE) TOLERANCE SETTINGS:
 NRD (RELATIVE) VALUE OF TOLERANCE:   5
 ANRD (ABSOLUTE) VALUE OF TOLERANCE:  12
1
 ADDITIONAL PK PARAMETERS - ASSIGNMENT OF ROWS IN GG
 COMPT. NO.                             INDICES
              SCALE      BIOAVAIL.   ZERO-ORDER  ZERO-ORDER  ABSORB
                         FRACTION    RATE        DURATION    LAG
    1            *           *           *           *           *
    2            *           *           *           *           *
    3            *           *           *           *           *
    4            *           *           *           *           *
    5            *           *           *           *           *
    6            *           *           *           *           *
    7            *           -           -           -           -
             - PARAMETER IS NOT ALLOWED FOR THIS MODEL
             * PARAMETER IS NOT SUPPLIED BY PK SUBROUTINE;
               WILL DEFAULT TO ONE IF APPLICABLE
0DATA ITEM INDICES USED BY PRED ARE:
   EVENT ID DATA ITEM IS DATA ITEM NO.:      9
   TIME DATA ITEM IS DATA ITEM NO.:          2
   COMPT. NO. DATA ITEM IS DATA ITEM NO.:    6

0PK SUBROUTINE CALLED WITH EVERY EVENT RECORD.
 PK SUBROUTINE NOT CALLED AT NONEVENT (ADDITIONAL OR LAGGED) DOSE TIMES.
0PK SUBROUTINE INDICATES THAT COMPARTMENT AMOUNTS ARE INITIALIZED.
0ERROR SUBROUTINE CALLED WITH EVERY EVENT RECORD.
0ERROR SUBROUTINE INDICATES THAT DERIVATIVES OF COMPARTMENT AMOUNTS ARE USED.
0DES SUBROUTINE USES COMPACT STORAGE MODE.
1


 #TBLN:      1
 #METH: First Order Conditional Estimation with Interaction (Evaluation)

 ESTIMATION STEP OMITTED:                 YES
 ANALYSIS TYPE:                           POPULATION
 CONDITIONAL ESTIMATES USED:              YES
 CENTERED ETA:                            NO
 EPS-ETA INTERACTION:                     YES
 LAPLACIAN OBJ. FUNC.:                    NO
 NUMERICAL DERIVATIVE
       FILE REQUEST (NUMDER):               NONE
 MAP (ETAHAT) ESTIMATION METHOD (OPTMAP):   0
 ETA HESSIAN EVALUATION METHOD (ETADER):    0
 INITIAL ETA FOR MAP ESTIMATION (MCETA):    0
 SIGDIGITS FOR MAP ESTIMATION (SIGLO):      100
 GRADIENT SIGDIGITS OF
       FIXED EFFECTS PARAMETERS (SIGL):     100
 NOPRIOR SETTING (NOPRIOR):                 OFF
 NOCOV SETTING (NOCOV):                     OFF
 DERCONT SETTING (DERCONT):                 OFF
 FINAL ETA RE-EVALUATION (FNLETA):          ON
 EXCLUDE NON-INFLUENTIAL (NON-INFL.) ETAS
       IN SHRINKAGE (ETASTYPE):             NO
 NON-INFL. ETA CORRECTION (NONINFETA):      OFF
 RAW OUTPUT FILE (FILE): psn.ext
 EXCLUDE TITLE (NOTITLE):                   NO
 EXCLUDE COLUMN LABELS (NOLABEL):           NO
 FORMAT FOR ADDITIONAL FILES (FORMAT):      S1PE12.5
 PARAMETER ORDER FOR OUTPUTS (ORDER):       TSOL
 WISHART PRIOR DF INTERPRETATION (WISHTYPE):0
 KNUTHSUMOFF:                               0
 INCLUDE LNTWOPI:                           NO
 INCLUDE CONSTANT TERM TO PRIOR (PRIORC):   NO
 INCLUDE CONSTANT TERM TO OMEGA (ETA) (OLNTWOPI):NO
 ADDITIONAL CONVERGENCE TEST (CTYPE=4)?:    NO
 EM OR BAYESIAN METHOD USED:                 NONE

 TOLERANCES FOR ESTIMATION/EVALUATION STEP:
 NRD (RELATIVE) VALUE OF TOLERANCE:   5
 ANRD (ABSOLUTE) VALUE OF TOLERANCE:  12
 TOLERANCES FOR COVARIANCE STEP:
 NRD (RELATIVE) VALUE OF TOLERANCE:   5
 ANRD (ABSOLUTE) VALUE OF TOLERANCE:  12
 TOLERANCES FOR TABLE/SCATTER STEP:
 NRD (RELATIVE) VALUE OF TOLERANCE:   5
 ANRD (ABSOLUTE) VALUE OF TOLERANCE:  12

 THE FOLLOWING LABELS ARE EQUIVALENT
 PRED=PREDI
 RES=RESI
 WRES=WRESI
 IWRS=IWRESI
 IPRD=IPREDI
 IRS=IRESI

 Elapsed evaluation time in seconds:     6.19
 Elapsed postprocess time in seconds:     7.49
1
 
 
 
 
 
 
 
 
 
 
 
 
 
 
 
 
 
 
 
 
 ************************************************************************************************************************
 ********************                                                                                ********************
 ********************         FIRST ORDER CONDITIONAL ESTIMATION WITH INTERACTION (EVALUATION)       ********************
 #OBJT:**************                       MINIMUM VALUE OF OBJECTIVE FUNCTION                      ********************
 ********************                                                                                ********************
 ************************************************************************************************************************
 





 #OBJV:********************************************   -47690.331       **************************************************
1
 ************************************************************************************************************************
 ********************                                                                                ********************
 ********************         FIRST ORDER CONDITIONAL ESTIMATION WITH INTERACTION (EVALUATION)       ********************
 ********************                             FINAL PARAMETER ESTIMATE                           ********************
 ********************                                                                                ********************
 ************************************************************************************************************************
 


 THETA - VECTOR OF FIXED EFFECTS PARAMETERS   *********


         TH 1      TH 2      TH 3      TH 4      TH 5      TH 6      TH 7      TH 8      TH 9      TH10      TH11      TH12     
          TH13      TH14      TH15      TH16      TH17      TH18      TH19      TH20      TH21     
 
         1.04E+02  9.69E+01  4.08E+00  2.28E+00  2.99E+00 -4.46E-01  2.09E-01  1.71E-01 -3.69E+00  1.90E+02  1.10E+00  5.14E-02
          9.19E-03  2.62E-01  6.88E-02  2.41E-02  3.89E+01  1.29E-02  7.09E-02  9.63E-01  8.05E+00
 


 OMEGA - COV MATRIX FOR RANDOM EFFECTS - ETAS  ********


         ETA1      ETA2      ETA3      ETA4      ETA5      ETA6      ETA7      ETA8      ETA9      ET10      ET11      ET12     
          ET13      ET14     
 
 ETA1
+        2.49E-01
 
 ETA2
+       -3.24E-01  1.40E+00
 
 ETA3
+        9.81E-02 -2.24E-01  2.10E-01
 
 ETA4
+        2.21E-01 -3.52E-01  1.05E-01  3.05E-01
 
 ETA5
+        4.47E-03 -2.01E-02 -4.90E-03 -1.05E-02  2.38E-02
 
 ETA6
+        1.68E-01 -2.92E-01  1.19E-01  2.44E-01  2.05E-02  4.49E-01
 
 ETA7
+        3.93E-02 -3.74E-02  1.25E-02  3.38E-02 -4.45E-03  2.33E-02  2.13E-02
 
 ETA8
+        8.69E-02  2.15E+00 -9.88E-01 -9.39E-01  1.31E-02 -1.05E+00 -1.78E-01  3.56E+01
 
 ETA9
+        5.01E-01 -1.57E+00 -3.89E-01  8.83E-01  1.68E-02  4.70E-01  8.68E-02 -1.57E+01  4.02E+01
 
 ET10
+       -1.15E-02  2.12E-01 -1.42E+00 -2.76E-02 -3.52E-02 -1.35E+00 -1.21E-01  1.28E+01  2.86E+01  7.44E+01
 
 ET11
+        0.00E+00  0.00E+00  0.00E+00  0.00E+00  0.00E+00  0.00E+00  0.00E+00  0.00E+00  0.00E+00  0.00E+00  9.91E-02
 
 ET12
+        0.00E+00  0.00E+00  0.00E+00  0.00E+00  0.00E+00  0.00E+00  0.00E+00  0.00E+00  0.00E+00  0.00E+00  4.04E-02  6.56E-02
 
 ET13
+        0.00E+00  0.00E+00  0.00E+00  0.00E+00  0.00E+00  0.00E+00  0.00E+00  0.00E+00  0.00E+00  0.00E+00  0.00E+00  0.00E+00
          2.60E-02
 
 ET14
+        0.00E+00  0.00E+00  0.00E+00  0.00E+00  0.00E+00  0.00E+00  0.00E+00  0.00E+00  0.00E+00  0.00E+00  0.00E+00  0.00E+00
          0.00E+00  1.22E-01
 


 SIGMA - COV MATRIX FOR RANDOM EFFECTS - EPSILONS  ****

1

         EPS1     
 
 EPS1
+        1.00E+00
 
1


 OMEGA - CORR MATRIX FOR RANDOM EFFECTS - ETAS  *******


         ETA1      ETA2      ETA3      ETA4      ETA5      ETA6      ETA7      ETA8      ETA9      ET10      ET11      ET12     
          ET13      ET14     
 
 ETA1
+        4.99E-01
 
 ETA2
+       -5.50E-01  1.18E+00
 
 ETA3
+        4.29E-01 -4.14E-01  4.58E-01
 
 ETA4
+        8.03E-01 -5.40E-01  4.15E-01  5.52E-01
 
 ETA5
+        5.82E-02 -1.10E-01 -6.93E-02 -1.23E-01  1.54E-01
 
 ETA6
+        5.02E-01 -3.69E-01  3.89E-01  6.60E-01  1.98E-01  6.70E-01
 
 ETA7
+        5.40E-01 -2.17E-01  1.87E-01  4.19E-01 -1.98E-01  2.38E-01  1.46E-01
 
 ETA8
+        2.92E-02  3.05E-01 -3.61E-01 -2.85E-01  1.42E-02 -2.62E-01 -2.05E-01  5.96E+00
 
 ETA9
+        1.59E-01 -2.09E-01 -1.34E-01  2.52E-01  1.72E-02  1.11E-01  9.38E-02 -4.14E-01  6.34E+00
 
 ET10
+       -2.66E-03  2.08E-02 -3.59E-01 -5.80E-03 -2.65E-02 -2.33E-01 -9.57E-02  2.49E-01  5.23E-01  8.63E+00
 
 ET11
+        0.00E+00  0.00E+00  0.00E+00  0.00E+00  0.00E+00  0.00E+00  0.00E+00  0.00E+00  0.00E+00  0.00E+00  3.15E-01
 
 ET12
+        0.00E+00  0.00E+00  0.00E+00  0.00E+00  0.00E+00  0.00E+00  0.00E+00  0.00E+00  0.00E+00  0.00E+00  5.01E-01  2.56E-01
 
 ET13
+        0.00E+00  0.00E+00  0.00E+00  0.00E+00  0.00E+00  0.00E+00  0.00E+00  0.00E+00  0.00E+00  0.00E+00  0.00E+00  0.00E+00
          1.61E-01
 
 ET14
+        0.00E+00  0.00E+00  0.00E+00  0.00E+00  0.00E+00  0.00E+00  0.00E+00  0.00E+00  0.00E+00  0.00E+00  0.00E+00  0.00E+00
          0.00E+00  3.49E-01
 


 SIGMA - CORR MATRIX FOR RANDOM EFFECTS - EPSILONS  ***


         EPS1     
 
 EPS1
+        1.00E+00
 
 Elapsed finaloutput time in seconds:     1.21
 #CPUT: Total CPU Time in Seconds,       14.989
Stop Time:
Mon 21 Aug 2023 08:47:05 AM UTC
